<?xml version="1.0" encoding="UTF-8"?>
<!-- Generated by org.testng.reporters.JUnitReportReporter -->
<testsuite hostname="Atharva" failures="0" tests="1" name="OrangeHRM.OrangeHRM.Attachments" time="12.469" errors="0" timestamp="2024-02-29T17:49:21 IST" skipped="0">
  <testcase classname="OrangeHRM.OrangeHRM.Attachments" name="Log" time="12.469"/>
  <system-out/>
</testsuite> <!-- OrangeHRM.OrangeHRM.Attachments -->
