<?xml version="1.0" encoding="UTF-8"?>
<!-- Generated by org.testng.reporters.JUnitReportReporter -->
<testsuite hostname="Atharva" failures="0" tests="1" name="OrangeHRM.OrangeHRM.Login" time="11.590" errors="0" timestamp="2024-02-29T11:35:26 IST" skipped="0">
  <testcase classname="OrangeHRM.OrangeHRM.Login" name="Log" time="11.590"/>
  <system-out/>
</testsuite> <!-- OrangeHRM.OrangeHRM.Login -->
