<?xml version="1.0" encoding="UTF-8"?>
<!-- Generated by org.testng.reporters.JUnitReportReporter -->
<testsuite hostname="Atharva" failures="0" tests="1" name="OrangeHRM.OrangeHRM.immegration" time="15.679" errors="0" timestamp="2024-02-29T16:37:49 IST" skipped="0">
  <testcase classname="OrangeHRM.OrangeHRM.immegration" name="Log" time="15.679"/>
  <system-out/>
</testsuite> <!-- OrangeHRM.OrangeHRM.immegration -->
