<?xml version="1.0" encoding="UTF-8"?>
<!-- Generated by org.testng.reporters.JUnitReportReporter -->
<testsuite hostname="Atharva" failures="0" tests="1" name="OrangeHRM.OrangeHRM.Attachments" time="11.790" errors="0" timestamp="2024-02-29T17:50:32 IST" skipped="0">
  <testcase classname="OrangeHRM.OrangeHRM.Attachments" name="Log" time="11.790"/>
  <system-out/>
</testsuite> <!-- OrangeHRM.OrangeHRM.Attachments -->
